\BOOKMARK [1][-]{Item.3}{Introduction}{}% 1
\BOOKMARK [-1][-]{part.1}{I General}{}% 2
\BOOKMARK [0][-]{chapter.1.1}{Experience and Levels}{part.1}% 3
\BOOKMARK [-1][-]{part.2}{II Combat}{}% 4
\BOOKMARK [0][-]{chapter.2.1}{Overview}{part.2}% 5
\BOOKMARK [1][-]{section.2.1.1}{Autonomous Mechanics}{chapter.2.1}% 6
\BOOKMARK [2][-]{subsection.2.1.1.1}{Combat Skills, Combat Triangle and Attack Styles}{section.2.1.1}% 7
\BOOKMARK [2][-]{subsection.2.1.1.2}{Equipment Bonuses}{section.2.1.1}% 8
\BOOKMARK [2][-]{subsection.2.1.1.3}{Max Hits and Accuracy}{section.2.1.1}% 9
\BOOKMARK [2][-]{subsection.2.1.1.4}{Ticks and Attack Speed}{section.2.1.1}% 10
\BOOKMARK [2][-]{subsection.2.1.1.5}{Summary}{section.2.1.1}% 11
\BOOKMARK [1][-]{section.2.1.2}{Agency \046 Decisions}{chapter.2.1}% 12
\BOOKMARK [2][-]{subsection.2.1.2.1}{Actions}{section.2.1.2}% 13
\BOOKMARK [2][-]{subsection.2.1.2.2}{Machine Learning}{section.2.1.2}% 14
\BOOKMARK [2][-]{subsection.2.1.2.3}{Genetic Algorithm}{section.2.1.2}% 15
\BOOKMARK [0][-]{chapter.2.2}{Models}{part.2}% 16
\BOOKMARK [1][-]{section.2.2.1}{Crude Model}{chapter.2.2}% 17
\BOOKMARK [2][-]{subsection.2.2.1.1}{Health after \040attacks}{section.2.2.1}% 18
\BOOKMARK [2][-]{subsection.2.2.1.2}{Attacks until \040health}{section.2.2.1}% 19
\BOOKMARK [1][-]{section.2.2.2}{Average}{chapter.2.2}% 20
\BOOKMARK [2][-]{subsection.2.2.2.1}{Average Damage}{section.2.2.2}% 21
\BOOKMARK [2][-]{subsection.2.2.2.2}{Attacks to kill}{section.2.2.2}% 22
\BOOKMARK [1][-]{section.2.2.3}{Recursive Model}{chapter.2.2}% 23
\BOOKMARK [2][-]{subsection.2.2.3.1}{Expected Damage per Hit}{section.2.2.3}% 24
\BOOKMARK [2][-]{subsection.2.2.3.2}{Health after \040attacks}{section.2.2.3}% 25
\BOOKMARK [2][-]{subsection.2.2.3.3}{Attacks until \040health}{section.2.2.3}% 26
\BOOKMARK [1][-]{section.2.2.4}{Approximately Analytic Recursion}{chapter.2.2}% 27
\BOOKMARK [2][-]{subsection.2.2.4.1}{Health after \040attacks}{section.2.2.4}% 28
\BOOKMARK [2][-]{subsection.2.2.4.2}{Attacks until \040health}{section.2.2.4}% 29
\BOOKMARK [1][-]{section.2.2.5}{Health Regeneration}{chapter.2.2}% 30
\BOOKMARK [1][-]{section.2.2.6}{Comparisons}{chapter.2.2}% 31
\BOOKMARK [0][-]{chapter.2.3}{Markov Chain Solutions}{part.2}% 32
\BOOKMARK [1][-]{section.2.3.1}{Damage Distributions}{chapter.2.3}% 33
\BOOKMARK [1][-]{section.2.3.2}{Recursive Equation}{chapter.2.3}% 34
\BOOKMARK [1][-]{section.2.3.3}{Solution}{chapter.2.3}% 35
\BOOKMARK [2][-]{subsection.2.3.3.1}{Interior}{section.2.3.3}% 36
\BOOKMARK [2][-]{subsection.2.3.3.2}{Obtaining Power Series}{section.2.3.3}% 37
\BOOKMARK [2][-]{subsection.2.3.3.3}{Applying Boundary Conditions}{section.2.3.3}% 38
\BOOKMARK [1][-]{section.2.3.4}{Fight Outcomes}{chapter.2.3}% 39
\BOOKMARK [0][-]{chapter.2.4}{Optimizing Player Equipment}{part.2}% 40
\BOOKMARK [1][-]{section.2.4.1}{The Projection Vector}{chapter.2.4}% 41
\BOOKMARK [1][-]{section.2.4.2}{Set Reduction}{chapter.2.4}% 42
\BOOKMARK [1][-]{section.2.4.3}{Gear Optimization Implementation \046 GUI}{chapter.2.4}% 43
\BOOKMARK [0][-]{chapter.2.5}{Optimizing Training Order}{part.2}% 44
\BOOKMARK [1][-]{section.2.5.1}{Dijkstra's algorithm}{chapter.2.5}% 45
\BOOKMARK [0][-]{section*.19}{Appendices}{part.2}% 46
\BOOKMARK [0][-]{appendix.1.A}{Justifying the Recursive Model Approximation}{part.2}% 47
\BOOKMARK [0][-]{appendix.1.B}{Power Reduction in the Piecewise Recursive Model}{part.2}% 48
\BOOKMARK [1][-]{section.1.B.1}{Power Reduction}{appendix.1.B}% 49
\BOOKMARK [1][-]{section.1.B.2}{Simplifying}{appendix.1.B}% 50
\BOOKMARK [-1][-]{part.3}{III Woodcutting}{}% 51
\BOOKMARK [0][-]{appendix.3.1}{Traditional Woodcutting}{part.3}% 52
\BOOKMARK [-1][-]{part.4}{IV Firemaking}{}% 53
\BOOKMARK [0][-]{appendix.4.1}{Wintertodt}{part.4}% 54
\BOOKMARK [1][-]{section.4.1.1}{Large groups}{appendix.4.1}% 55
\BOOKMARK [2][-]{subsection.4.1.1.1}{Within a Fight}{section.4.1.1}% 56
\BOOKMARK [2][-]{subsection.4.1.1.2}{Across Fights}{section.4.1.1}% 57
\BOOKMARK [2][-]{subsection.4.1.1.3}{Kill Count, Time to Level, and Reward Value}{section.4.1.1}% 58
\BOOKMARK [1][-]{section.4.1.2}{Future Work}{appendix.4.1}% 59
\BOOKMARK [-1][-]{part.5}{V Mining}{}% 60
\BOOKMARK [0][-]{appendix.5.1}{Motherload Mine}{part.5}% 61
\BOOKMARK [-1][-]{part.6}{VI Quests}{}% 62
\BOOKMARK [0][-]{appendix.6.1}{Graph/Network Analysis}{part.6}% 63
