\BOOKMARK [1][-]{section.1}{Introduction}{}% 1
\BOOKMARK [1][-]{section.2}{Damage}{}% 2
\BOOKMARK [2][-]{subsection.2.1}{Maximum Hit}{section.2}% 3
\BOOKMARK [3][-]{subsubsection.2.1.1}{Magic}{subsection.2.1}% 4
\BOOKMARK [2][-]{subsection.2.2}{Accuracy}{section.2}% 5
\BOOKMARK [2][-]{subsection.2.3}{Average Damage}{section.2}% 6
\BOOKMARK [2][-]{subsection.2.4}{Health after n Attacks}{section.2}% 7
\BOOKMARK [3][-]{subsubsection.2.4.1}{Approximate Solutions}{subsection.2.4}% 8
\BOOKMARK [3][-]{subsubsection.2.4.2}{Comparisons}{subsection.2.4}% 9
\BOOKMARK [2][-]{subsection.2.5}{Experience and Damage Per Second}{section.2}% 10
\BOOKMARK [1][-]{section.3}{Nightmare Zone}{}% 11
\BOOKMARK [2][-]{subsection.3.1}{Experimental Considerations}{section.3}% 12
\BOOKMARK [2][-]{subsection.3.2}{Validation}{section.3}% 13
\BOOKMARK [3][-]{subsubsection.3.2.1}{Time-Dependent Boosts}{subsection.3.2}% 14
\BOOKMARK [3][-]{subsubsection.3.2.2}{Comparisons}{subsection.3.2}% 15
\BOOKMARK [2][-]{subsection.3.3}{Optimization}{section.3}% 16
\BOOKMARK [1][-]{section.4}{Improvements}{}% 17
\BOOKMARK [1][-]{section.5}{Conclusion}{}% 18
\BOOKMARK [1][-]{appendix.A}{Average Damage}{}% 19
\BOOKMARK [2][-]{subsection.A.1}{Power Reduction}{appendix.A}% 20
\BOOKMARK [2][-]{subsection.A.2}{Simplifying}{appendix.A}% 21
\BOOKMARK [1][-]{appendix.B}{Analytic Form Attempt}{}% 22
